# JRE version: OpenJDK Runtime Environment (8.0_202) (build 1.8.0_202-release-1483-b49-5587405)
# Java VM: OpenJDK 64-Bit Server VM (25.202-b49-5587405 mixed mode bsd-amd64 compressed oops)
Heap:
 PSYoungGen      total 407552K, used 204104K [0x00000007a0000000, 0x00000007bde00000, 0x00000007c0000000)
  eden space 361984K, 53% used [0x00000007a0000000,0x00000007abbcadb8,0x00000007b6180000)
  from space 45568K, 25% used [0x00000007b6180000,0x00000007b6d074c0,0x00000007b8e00000)
  to   space 44032K, 0% used [0x00000007bb300000,0x00000007bb300000,0x00000007bde00000)
 ParOldGen       total 168448K, used 81238K [0x0000000760000000, 0x000000076a480000, 0x00000007a0000000)
  object space 168448K, 48% used [0x0000000760000000,0x0000000764f558a8,0x000000076a480000)
 Metaspace       used 90979K, capacity 96188K, committed 96472K, reserved 1132544K
  class space    used 11815K, capacity 12766K, committed 12800K, reserved 1048576K
GC Heap History (10 events):
Event: 1405.654 GC heap before
{Heap before GC invocations=25 (full 3):
 PSYoungGen      total 295936K, used 295933K [0x00000007a0000000, 0x00000007b8080000, 0x00000007c0000000)
  eden space 270848K, 100% used [0x00000007a0000000,0x00000007b0880000,0x00000007b0880000)
  from space 25088K, 99% used [0x00000007b0880000,0x00000007b20ff438,0x00000007b2100000)
  to   space 38912K, 0% used [0x00000007b5a80000,0x00000007b5a80000,0x00000007b8080000)
 ParOldGen       total 108032K, used 81539K [0x0000000760000000, 0x0000000766980000, 0x00000007a0000000)
  object space 108032K, 75% used [0x0000000760000000,0x0000000764fa0e98,0x0000000766980000)
 Metaspace       used 83961K, capacity 87524K, committed 87768K, reserved 1126400K
  class space    used 11053K, capacity 11733K, committed 11776K, reserved 1048576K
Event: 1405.814 GC heap after
Heap after GC invocations=25 (full 3):
 PSYoungGen      total 337408K, used 10447K [0x00000007a0000000, 0x00000007b7680000, 0x00000007c0000000)
  eden space 308736K, 0% used [0x00000007a0000000,0x00000007a0000000,0x00000007b2d80000)
  from space 28672K, 36% used [0x00000007b5a80000,0x00000007b64b3e48,0x00000007b7680000)
  to   space 37376K, 0% used [0x00000007b2d80000,0x00000007b2d80000,0x00000007b5200000)
 ParOldGen       total 108032K, used 94994K [0x0000000760000000, 0x0000000766980000, 0x00000007a0000000)
  object space 108032K, 87% used [0x0000000760000000,0x0000000765cc4b18,0x0000000766980000)
 Metaspace       used 83961K, capacity 87524K, committed 87768K, reserved 1126400K
  class space    used 11053K, capacity 11733K, committed 11776K, reserved 1048576K
}
Event: 1405.814 GC heap before
{Heap before GC invocations=26 (full 4):
 PSYoungGen      total 337408K, used 10447K [0x00000007a0000000, 0x00000007b7680000, 0x00000007c0000000)
  eden space 308736K, 0% used [0x00000007a0000000,0x00000007a0000000,0x00000007b2d80000)
  from space 28672K, 36% used [0x00000007b5a80000,0x00000007b64b3e48,0x00000007b7680000)
  to   space 37376K, 0% used [0x00000007b2d80000,0x00000007b2d80000,0x00000007b5200000)
 ParOldGen       total 108032K, used 94994K [0x0000000760000000, 0x0000000766980000, 0x00000007a0000000)
  object space 108032K, 87% used [0x0000000760000000,0x0000000765cc4b18,0x0000000766980000)
 Metaspace       used 83961K, capacity 87524K, committed 87768K, reserved 1126400K
  class space    used 11053K, capacity 11733K, committed 11776K, reserved 1048576K
Event: 1406.184 GC heap after
Heap after GC invocations=26 (full 4):
 PSYoungGen      total 337408K, used 0K [0x00000007a0000000, 0x00000007b7680000, 0x00000007c0000000)
  eden space 308736K, 0% used [0x00000007a0000000,0x00000007a0000000,0x00000007b2d80000)
  from space 28672K, 0% used [0x00000007b5a80000,0x00000007b5a80000,0x00000007b7680000)
  to   space 37376K, 0% used [0x00000007b2d80000,0x00000007b2d80000,0x00000007b5200000)
 ParOldGen       total 168448K, used 52992K [0x0000000760000000, 0x000000076a480000, 0x00000007a0000000)
  object space 168448K, 31% used [0x0000000760000000,0x00000007633c0158,0x000000076a480000)
 Metaspace       used 83897K, capacity 87346K, committed 87768K, reserved 1126400K
  class space    used 11031K, capacity 11692K, committed 11776K, reserved 1048576K
}
Event: 1412.419 GC heap before
{Heap before GC invocations=27 (full 4):
 PSYoungGen      total 337408K, used 308654K [0x00000007a0000000, 0x00000007b7680000, 0x00000007c0000000)
  eden space 308736K, 99% used [0x00000007a0000000,0x00000007b2d6b998,0x00000007b2d80000)
  from space 28672K, 0% used [0x00000007b5a80000,0x00000007b5a80000,0x00000007b7680000)
  to   space 37376K, 0% used [0x00000007b2d80000,0x00000007b2d80000,0x00000007b5200000)
 ParOldGen       total 168448K, used 52992K [0x0000000760000000, 0x000000076a480000, 0x00000007a0000000)
  object space 168448K, 31% used [0x0000000760000000,0x00000007633c0158,0x000000076a480000)
 Metaspace       used 86125K, capacity 89658K, committed 89944K, reserved 1128448K
  class space    used 11186K, capacity 11874K, committed 11904K, reserved 1048576K
Event: 1412.552 GC heap after
Heap after GC invocations=27 (full 4):
 PSYoungGen      total 346112K, used 37366K [0x00000007a0000000, 0x00000007bc380000, 0x00000007c0000000)
  eden space 308736K, 0% used [0x00000007a0000000,0x00000007a0000000,0x00000007b2d80000)
  from space 37376K, 99% used [0x00000007b2d80000,0x00000007b51fd888,0x00000007b5200000)
  to   space 48128K, 0% used [0x00000007b9480000,0x00000007b9480000,0x00000007bc380000)
 ParOldGen       total 168448K, used 65323K [0x0000000760000000, 0x000000076a480000, 0x00000007a0000000)
  object space 168448K, 38% used [0x0000000760000000,0x0000000763fcafe0,0x000000076a480000)
 Metaspace       used 86125K, capacity 89658K, committed 89944K, reserved 1128448K
  class space    used 11186K, capacity 11874K, committed 11904K, reserved 1048576K
}
Event: 1421.753 GC heap before
{Heap before GC invocations=28 (full 4):
 PSYoungGen      total 346112K, used 346102K [0x00000007a0000000, 0x00000007bc380000, 0x00000007c0000000)
  eden space 308736K, 100% used [0x00000007a0000000,0x00000007b2d80000,0x00000007b2d80000)
  from space 37376K, 99% used [0x00000007b2d80000,0x00000007b51fd888,0x00000007b5200000)
  to   space 48128K, 0% used [0x00000007b9480000,0x00000007b9480000,0x00000007bc380000)
 ParOldGen       total 168448K, used 65340K [0x0000000760000000, 0x000000076a480000, 0x00000007a0000000)
  object space 168448K, 38% used [0x0000000760000000,0x0000000763fcf000,0x000000076a480000)
 Metaspace       used 86693K, capacity 90284K, committed 90456K, reserved 1128448K
  class space    used 11209K, capacity 11889K, committed 11904K, reserved 1048576K
Event: 1421.815 GC heap after
Heap after GC invocations=28 (full 4):
 PSYoungGen      total 400896K, used 13726K [0x00000007a0000000, 0x00000007bba80000, 0x00000007c0000000)
  eden space 361984K, 0% used [0x00000007a0000000,0x00000007a0000000,0x00000007b6180000)
  from space 38912K, 35% used [0x00000007b9480000,0x00000007ba1e79a0,0x00000007bba80000)
  to   space 45568K, 0% used [0x00000007b6180000,0x00000007b6180000,0x00000007b8e00000)
 ParOldGen       total 168448K, used 81220K [0x0000000760000000, 0x000000076a480000, 0x00000007a0000000)
  object space 168448K, 48% used [0x0000000760000000,0x0000000764f51188,0x000000076a480000)
 Metaspace       used 86693K, capacity 90284K, committed 90456K, reserved 1128448K
  class space    used 11209K, capacity 11889K, committed 11904K, reserved 1048576K
}
Event: 2123.747 GC heap before
{Heap before GC invocations=29 (full 4):
 PSYoungGen      total 400896K, used 375710K [0x00000007a0000000, 0x00000007bba80000, 0x00000007c0000000)
  eden space 361984K, 100% used [0x00000007a0000000,0x00000007b6180000,0x00000007b6180000)
  from space 38912K, 35% used [0x00000007b9480000,0x00000007ba1e79a0,0x00000007bba80000)
  to   space 45568K, 0% used [0x00000007b6180000,0x00000007b6180000,0x00000007b8e00000)
 ParOldGen       total 168448K, used 81238K [0x0000000760000000, 0x000000076a480000, 0x00000007a0000000)
  object space 168448K, 48% used [0x0000000760000000,0x0000000764f558a8,0x000000076a480000)
 Metaspace       used 89806K, capacity 94686K, committed 95064K, reserved 1132544K
  class space    used 11676K, capacity 12584K, committed 12672K, reserved 1048576K
Event: 2123.844 GC heap after
Heap after GC invocations=29 (full 4):
 PSYoungGen      total 407552K, used 11805K [0x00000007a0000000, 0x00000007bde00000, 0x00000007c0000000)
  eden space 361984K, 0% used [0x00000007a0000000,0x00000007a0000000,0x00000007b6180000)
  from space 45568K, 25% used [0x00000007b6180000,0x00000007b6d074c0,0x00000007b8e00000)
  to   space 44032K, 0% used [0x00000007bb300000,0x00000007bb300000,0x00000007bde00000)
 ParOldGen       total 168448K, used 81238K [0x0000000760000000, 0x000000076a480000, 0x00000007a0000000)
  object space 168448K, 48% used [0x0000000760000000,0x0000000764f558a8,0x000000076a480000)
 Metaspace       used 89806K, capacity 94686K, committed 95064K, reserved 1132544K
  class space    used 11676K, capacity 12584K, committed 12672K, reserved 1048576K
}

